<?xml version="1.0" encoding="UTF-8"?>
<!-- Generated by org.testng.reporters.JUnitReportReporter -->
<testsuite hostname="LAPTOP-LC7GP1KJ" failures="0" tests="2" name="saucedemo.Asignacion5" time="1.708" errors="0" timestamp="2023-01-15T21:28:00 ART" skipped="0">
  <testcase classname="saucedemo.Asignacion5" name="seleccionarProducto" time="1.014"/>
  <system-out/>
  <testcase classname="saucedemo.Asignacion5" name="iniciarSesion" time="0.694"/>
  <system-out/>
</testsuite> <!-- saucedemo.Asignacion5 -->
