<?xml version="1.0" encoding="UTF-8"?>
<!-- Generated by org.testng.reporters.JUnitReportReporter -->
<testsuite hostname="LAPTOP-LC7GP1KJ" failures="0" tests="1" name="saucedemo.AppTest" time="0.002" errors="0" timestamp="2023-01-15T21:28:00 ART" skipped="0">
  <testcase classname="saucedemo.AppTest" name="shouldAnswerWithTrue" time="0.002"/>
  <system-out/>
</testsuite> <!-- saucedemo.AppTest -->
